{
  "RSpec": {
    "coverage": {
      "/Users/apprentice/projects/indie/fate-digital-assistant/spec/rails_helper.rb": [
        null,
        1,
        1,
        1,
        1,
        null,
        null,
        null,
        null,
        null,
        null,
        null,
        null,
        null,
        null,
        null,
        null,
        null,
        null,
        null,
        null,
        null,
        null,
        null,
        1,
        null,
        1,
        null,
        1,
        null,
        null,
        null,
        null,
        1,
        null,
        null,
        null,
        null,
        null,
        null,
        null,
        null,
        null,
        null,
        null,
        null,
        null,
        null,
        1,
        null
      ],
      "/Users/apprentice/projects/indie/fate-digital-assistant/config/environment.rb": [
        null,
        1,
        null,
        null,
        1
      ],
      "/Users/apprentice/projects/indie/fate-digital-assistant/config/application.rb": [
        1,
        null,
        null,
        1,
        1,
        1,
        1,
        1,
        1,
        null,
        null,
        null,
        null,
        1,
        null,
        1,
        1,
        null,
        null,
        null,
        null,
        null,
        null,
        null,
        null,
        null,
        null,
        null,
        null,
        null
      ],
      "/Users/apprentice/projects/indie/fate-digital-assistant/config/boot.rb": [
        null,
        1,
        null,
        1
      ],
      "/Users/apprentice/projects/indie/fate-digital-assistant/config/environments/test.rb": [
        1,
        null,
        null,
        null,
        null,
        null,
        null,
        1,
        null,
        null,
        null,
        null,
        1,
        null,
        null,
        1,
        1,
        null,
        null,
        1,
        1,
        null,
        null,
        1,
        null,
        null,
        1,
        null,
        null,
        null,
        null,
        1,
        null,
        null,
        1,
        null,
        null,
        null,
        null
      ],
      "/Users/apprentice/projects/indie/fate-digital-assistant/config/initializers/assets.rb": [
        null,
        null,
        null,
        1,
        null,
        null,
        null,
        null
      ],
      "/Users/apprentice/projects/indie/fate-digital-assistant/config/initializers/backtrace_silencers.rb": [
        null,
        null,
        null,
        null,
        null,
        null,
        null
      ],
      "/Users/apprentice/projects/indie/fate-digital-assistant/config/initializers/cookies_serializer.rb": [
        null,
        null,
        1
      ],
      "/Users/apprentice/projects/indie/fate-digital-assistant/config/initializers/filter_parameter_logging.rb": [
        null,
        null,
        null,
        1
      ],
      "/Users/apprentice/projects/indie/fate-digital-assistant/config/initializers/inflections.rb": [
        null,
        null,
        null,
        null,
        null,
        null,
        null,
        null,
        null,
        null,
        null,
        null,
        null,
        null,
        null,
        null
      ],
      "/Users/apprentice/projects/indie/fate-digital-assistant/config/initializers/mime_types.rb": [
        null,
        null,
        null,
        null
      ],
      "/Users/apprentice/projects/indie/fate-digital-assistant/config/initializers/session_store.rb": [
        null,
        null,
        1
      ],
      "/Users/apprentice/projects/indie/fate-digital-assistant/config/initializers/wrap_parameters.rb": [
        null,
        null,
        null,
        null,
        null,
        null,
        1,
        1,
        null,
        null,
        null,
        null,
        null,
        null
      ],
      "/Users/apprentice/projects/indie/fate-digital-assistant/spec/factories.rb": [
        1,
        1,
        2,
        2,
        null,
        null
      ],
      "/Users/apprentice/projects/indie/fate-digital-assistant/config/routes.rb": [
        1,
        1,
        1,
        1,
        null
      ],
      "/Users/apprentice/projects/indie/fate-digital-assistant/app/helpers/application_helper.rb": [
        1,
        null
      ],
      "/Users/apprentice/projects/indie/fate-digital-assistant/spec/controllers/users_controller_spec.rb": [
        1,
        2,
        1,
        1,
        2,
        null,
        1,
        1,
        null,
        1,
        1,
        null,
        null,
        1,
        1,
        1,
        1,
        null,
        1,
        1,
        null,
        null,
        null
      ],
      "/Users/apprentice/projects/indie/fate-digital-assistant/app/controllers/users_controller.rb": [
        1,
        1,
        1,
        2,
        null,
        null,
        1,
        1,
        null,
        null
      ],
      "/Users/apprentice/projects/indie/fate-digital-assistant/app/controllers/application_controller.rb": [
        1,
        null,
        null,
        1,
        null
      ],
      "/Users/apprentice/projects/indie/fate-digital-assistant/app/controllers/concerns/authentication_concern.rb": [
        1,
        null,
        1,
        0,
        null,
        null,
        1,
        0,
        null,
        null,
        1,
        0,
        0,
        null,
        null,
        null
      ],
      "/Users/apprentice/projects/indie/fate-digital-assistant/app/models/user.rb": [
        1,
        1,
        1,
        null
      ]
    },
    "timestamp": 1432754954
  }
}
